<?xml version="1.0" encoding="UTF-8"?>
<robot generator="Robot 3.2.2 (Python 3.9.1 on win32)" generated="20210204 19:36:57.448" rpa="false">
<suite id="s1" name="ExerciseXpath Robot" source="C:\Users\aline\eclipse-workspace\RobotCourse6\TestsCases\ExerciseXpath_Robot.robot">
<test id="s1-t1" name="TestWait">
<kw name="Open Browser" library="SeleniumLibrary">
<doc>Opens a new browser instance to the optional ``url``.</doc>
<arguments>
<arg>https://opensource-demo.orangehrmlive.com/index.php/auth/login</arg>
<arg>gc</arg>
</arguments>
<msg timestamp="20210204 19:36:57.592" level="INFO">Opening browser 'gc' to base url 'https://opensource-demo.orangehrmlive.com/index.php/auth/login'.</msg>
<status status="PASS" starttime="20210204 19:36:57.592" endtime="20210204 19:37:01.631"></status>
</kw>
<kw name="Maximize Browser Window" library="SeleniumLibrary">
<doc>Maximizes current browser window.</doc>
<status status="PASS" starttime="20210204 19:37:01.631" endtime="20210204 19:37:03.779"></status>
</kw>
<kw name="Get Selenium Timeout" library="SeleniumLibrary">
<doc>Gets the timeout that is used by various keywords.</doc>
<assign>
<var>${timeout}</var>
</assign>
<msg timestamp="20210204 19:37:03.780" level="INFO">${timeout} = 5 seconds</msg>
<status status="PASS" starttime="20210204 19:37:03.780" endtime="20210204 19:37:03.780"></status>
</kw>
<kw name="Log To Console" library="BuiltIn">
<doc>Logs the given message to the console.</doc>
<arguments>
<arg>${timeout}</arg>
</arguments>
<status status="PASS" starttime="20210204 19:37:03.780" endtime="20210204 19:37:03.781"></status>
</kw>
<kw name="Set Selenium Speed" library="SeleniumLibrary">
<doc>Sets the delay that is waited after each Selenium command.</doc>
<arguments>
<arg>1s</arg>
</arguments>
<status status="PASS" starttime="20210204 19:37:03.781" endtime="20210204 19:37:03.781"></status>
</kw>
<kw name="Get Selenium Timeout" library="SeleniumLibrary">
<doc>Gets the timeout that is used by various keywords.</doc>
<assign>
<var>${timeout}</var>
</assign>
<msg timestamp="20210204 19:37:03.782" level="INFO">${timeout} = 5 seconds</msg>
<status status="PASS" starttime="20210204 19:37:03.782" endtime="20210204 19:37:03.782"></status>
</kw>
<kw name="Log To Console" library="BuiltIn">
<doc>Logs the given message to the console.</doc>
<arguments>
<arg>${timeout}</arg>
</arguments>
<status status="PASS" starttime="20210204 19:37:03.782" endtime="20210204 19:37:03.783"></status>
</kw>
<kw name="Input Text" library="SeleniumLibrary">
<doc>Types the given ``text`` into the text field identified by ``locator``.</doc>
<arguments>
<arg>xpath=//input[@id='txtUsername']</arg>
<arg>Admin</arg>
</arguments>
<msg timestamp="20210204 19:37:03.783" level="INFO">Typing text 'Admin' into text field 'xpath=//input[@id='txtUsername']'.</msg>
<status status="PASS" starttime="20210204 19:37:03.783" endtime="20210204 19:37:06.872"></status>
</kw>
<kw name="Input Password" library="SeleniumLibrary">
<doc>Types the given password into the text field identified by ``locator``.</doc>
<arguments>
<arg>xpath=//input[@id='txtPassword']</arg>
<arg>admin123</arg>
</arguments>
<msg timestamp="20210204 19:37:06.873" level="INFO">Typing password into text field 'xpath=//input[@id='txtPassword']'.</msg>
<msg timestamp="20210204 19:37:08.918" level="INFO">Temporally setting log level to: NONE</msg>
<msg timestamp="20210204 19:37:09.963" level="INFO">Log level changed from NONE to INFO.</msg>
<status status="PASS" starttime="20210204 19:37:06.873" endtime="20210204 19:37:09.963"></status>
</kw>
<kw name="Click Button" library="SeleniumLibrary">
<doc>Clicks the button identified by ``locator``.</doc>
<arguments>
<arg>xpath=//input[@id='btnLogin']</arg>
</arguments>
<msg timestamp="20210204 19:37:09.964" level="INFO">Clicking button 'xpath=//input[@id='btnLogin']'.</msg>
<status status="PASS" starttime="20210204 19:37:09.964" endtime="20210204 19:37:14.227"></status>
</kw>
<kw name="Wait Until Page Contains" library="SeleniumLibrary">
<doc>Waits until ``text`` appears on the current page.</doc>
<arguments>
<arg>Dashboard</arg>
</arguments>
<status status="PASS" starttime="20210204 19:37:14.228" endtime="20210204 19:37:15.239"></status>
</kw>
<status status="PASS" starttime="20210204 19:36:57.591" endtime="20210204 19:37:15.240" critical="yes"></status>
</test>
<status status="PASS" starttime="20210204 19:36:57.450" endtime="20210204 19:37:15.241"></status>
</suite>
<statistics>
<total>
<stat pass="1" fail="0">Critical Tests</stat>
<stat pass="1" fail="0">All Tests</stat>
</total>
<tag>
</tag>
<suite>
<stat pass="1" fail="0" id="s1" name="ExerciseXpath Robot">ExerciseXpath Robot</stat>
</suite>
</statistics>
<errors>
</errors>
</robot>
